mkdir: /Users/ehresms/computational/rloop/align: File exists
mkdir: FastQ_Embryo_10-14H_Novermber_2018: File exists
75344574 reads; of these:
  75344574 (100.00%) were paired; of these:
    14284340 (18.96%) aligned concordantly 0 times
    28989325 (38.48%) aligned concordantly exactly 1 time
    32070909 (42.57%) aligned concordantly >1 times
    ----
    14284340 pairs aligned concordantly 0 times; of these:
      1642249 (11.50%) aligned discordantly 1 time
    ----
    12642091 pairs aligned 0 times concordantly or discordantly; of these:
      25284182 mates make up the pairs; of these:
        16961785 (67.08%) aligned 0 times
        2078933 (8.22%) aligned exactly 1 time
        6243464 (24.69%) aligned >1 times
88.74% overall alignment rate
19638619 reads; of these:
  19638619 (100.00%) were paired; of these:
    11304835 (57.56%) aligned concordantly 0 times
    4380934 (22.31%) aligned concordantly exactly 1 time
    3952850 (20.13%) aligned concordantly >1 times
    ----
    11304835 pairs aligned concordantly 0 times; of these:
      187299 (1.66%) aligned discordantly 1 time
    ----
    11117536 pairs aligned 0 times concordantly or discordantly; of these:
      22235072 mates make up the pairs; of these:
        21581225 (97.06%) aligned 0 times
        230026 (1.03%) aligned exactly 1 time
        423821 (1.91%) aligned >1 times
45.05% overall alignment rate
22221239 reads; of these:
  22221239 (100.00%) were paired; of these:
    12524303 (56.36%) aligned concordantly 0 times
    5154103 (23.19%) aligned concordantly exactly 1 time
    4542833 (20.44%) aligned concordantly >1 times
    ----
    12524303 pairs aligned concordantly 0 times; of these:
      320396 (2.56%) aligned discordantly 1 time
    ----
    12203907 pairs aligned 0 times concordantly or discordantly; of these:
      24407814 mates make up the pairs; of these:
        23482095 (96.21%) aligned 0 times
        339940 (1.39%) aligned exactly 1 time
        585779 (2.40%) aligned >1 times
47.16% overall alignment rate
19638619 reads; of these:
  19638619 (100.00%) were paired; of these:
    11304835 (57.56%) aligned concordantly 0 times
    4380934 (22.31%) aligned concordantly exactly 1 time
    3952850 (20.13%) aligned concordantly >1 times
    ----
    11304835 pairs aligned concordantly 0 times; of these:
      187299 (1.66%) aligned discordantly 1 time
    ----
    11117536 pairs aligned 0 times concordantly or discordantly; of these:
      22235072 mates make up the pairs; of these:
        21581225 (97.06%) aligned 0 times
        230026 (1.03%) aligned exactly 1 time
        423821 (1.91%) aligned >1 times
45.05% overall alignment rate
40576243 reads; of these:
  40576243 (100.00%) were paired; of these:
    5070791 (12.50%) aligned concordantly 0 times
    25755981 (63.48%) aligned concordantly exactly 1 time
    9749471 (24.03%) aligned concordantly >1 times
    ----
    5070791 pairs aligned concordantly 0 times; of these:
      1746582 (34.44%) aligned discordantly 1 time
    ----
    3324209 pairs aligned 0 times concordantly or discordantly; of these:
      6648418 mates make up the pairs; of these:
        3607261 (54.26%) aligned 0 times
        1622548 (24.41%) aligned exactly 1 time
        1418609 (21.34%) aligned >1 times
95.55% overall alignment rate
33755457 reads; of these:
  33755457 (100.00%) were paired; of these:
    3409349 (10.10%) aligned concordantly 0 times
    21978274 (65.11%) aligned concordantly exactly 1 time
    8367834 (24.79%) aligned concordantly >1 times
    ----
    3409349 pairs aligned concordantly 0 times; of these:
      987115 (28.95%) aligned discordantly 1 time
    ----
    2422234 pairs aligned 0 times concordantly or discordantly; of these:
      4844468 mates make up the pairs; of these:
        2816365 (58.14%) aligned 0 times
        1117345 (23.06%) aligned exactly 1 time
        910758 (18.80%) aligned >1 times
95.83% overall alignment rate
5407954 reads; of these:
  5407954 (100.00%) were paired; of these:
    3313485 (61.27%) aligned concordantly 0 times
    1240399 (22.94%) aligned concordantly exactly 1 time
    854070 (15.79%) aligned concordantly >1 times
    ----
    3313485 pairs aligned concordantly 0 times; of these:
      16376 (0.49%) aligned discordantly 1 time
    ----
    3297109 pairs aligned 0 times concordantly or discordantly; of these:
      6594218 mates make up the pairs; of these:
        6491813 (98.45%) aligned 0 times
        41490 (0.63%) aligned exactly 1 time
        60915 (0.92%) aligned >1 times
39.98% overall alignment rate
5395293 reads; of these:
  5395293 (100.00%) were paired; of these:
    3302673 (61.21%) aligned concordantly 0 times
    1237217 (22.93%) aligned concordantly exactly 1 time
    855403 (15.85%) aligned concordantly >1 times
    ----
    3302673 pairs aligned concordantly 0 times; of these:
      16482 (0.50%) aligned discordantly 1 time
    ----
    3286191 pairs aligned 0 times concordantly or discordantly; of these:
      6572382 mates make up the pairs; of these:
        6468936 (98.43%) aligned 0 times
        42190 (0.64%) aligned exactly 1 time
        61256 (0.93%) aligned >1 times
40.05% overall alignment rate
35188981 reads; of these:
  35188981 (100.00%) were paired; of these:
    5129887 (14.58%) aligned concordantly 0 times
    14270360 (40.55%) aligned concordantly exactly 1 time
    15788734 (44.87%) aligned concordantly >1 times
    ----
    5129887 pairs aligned concordantly 0 times; of these:
      519015 (10.12%) aligned discordantly 1 time
    ----
    4610872 pairs aligned 0 times concordantly or discordantly; of these:
      9221744 mates make up the pairs; of these:
        6417804 (69.59%) aligned 0 times
        602426 (6.53%) aligned exactly 1 time
        2201514 (23.87%) aligned >1 times
90.88% overall alignment rate
35310010 reads; of these:
  35310010 (100.00%) were paired; of these:
    5160612 (14.62%) aligned concordantly 0 times
    14289143 (40.47%) aligned concordantly exactly 1 time
    15860255 (44.92%) aligned concordantly >1 times
    ----
    5160612 pairs aligned concordantly 0 times; of these:
      518030 (10.04%) aligned discordantly 1 time
    ----
    4642582 pairs aligned 0 times concordantly or discordantly; of these:
      9285164 mates make up the pairs; of these:
        6451132 (69.48%) aligned 0 times
        609795 (6.57%) aligned exactly 1 time
        2224237 (23.95%) aligned >1 times
90.87% overall alignment rate
25871901 reads; of these:
  25871901 (100.00%) were paired; of these:
    1574196 (6.08%) aligned concordantly 0 times
    17517186 (67.71%) aligned concordantly exactly 1 time
    6780519 (26.21%) aligned concordantly >1 times
    ----
    1574196 pairs aligned concordantly 0 times; of these:
      220947 (14.04%) aligned discordantly 1 time
    ----
    1353249 pairs aligned 0 times concordantly or discordantly; of these:
      2706498 mates make up the pairs; of these:
        1825035 (67.43%) aligned 0 times
        526913 (19.47%) aligned exactly 1 time
        354550 (13.10%) aligned >1 times
96.47% overall alignment rate
25864006 reads; of these:
  25864006 (100.00%) were paired; of these:
    1582961 (6.12%) aligned concordantly 0 times
    17497717 (67.65%) aligned concordantly exactly 1 time
    6783328 (26.23%) aligned concordantly >1 times
    ----
    1582961 pairs aligned concordantly 0 times; of these:
      221536 (14.00%) aligned discordantly 1 time
    ----
    1361425 pairs aligned 0 times concordantly or discordantly; of these:
      2722850 mates make up the pairs; of these:
        1837730 (67.49%) aligned 0 times
        529529 (19.45%) aligned exactly 1 time
        355591 (13.06%) aligned >1 times
96.45% overall alignment rate
26874414 reads; of these:
  26874414 (100.00%) were paired; of these:
    2395311 (8.91%) aligned concordantly 0 times
    17666961 (65.74%) aligned concordantly exactly 1 time
    6812142 (25.35%) aligned concordantly >1 times
    ----
    2395311 pairs aligned concordantly 0 times; of these:
      720606 (30.08%) aligned discordantly 1 time
    ----
    1674705 pairs aligned 0 times concordantly or discordantly; of these:
      3349410 mates make up the pairs; of these:
        2076730 (62.00%) aligned 0 times
        650761 (19.43%) aligned exactly 1 time
        621919 (18.57%) aligned >1 times
96.14% overall alignment rate
26894066 reads; of these:
  26894066 (100.00%) were paired; of these:
    2414035 (8.98%) aligned concordantly 0 times
    17663950 (65.68%) aligned concordantly exactly 1 time
    6816081 (25.34%) aligned concordantly >1 times
    ----
    2414035 pairs aligned concordantly 0 times; of these:
      720209 (29.83%) aligned discordantly 1 time
    ----
    1693826 pairs aligned 0 times concordantly or discordantly; of these:
      3387652 mates make up the pairs; of these:
        2100419 (62.00%) aligned 0 times
        661818 (19.54%) aligned exactly 1 time
        625415 (18.46%) aligned >1 times
96.10% overall alignment rate
Warning: Same mate file "/Users/ehresms/computational/rloop/fasta/FastQ_Embryo_10_14H_June_2018/" appears as argument to both -1 and -2
0 reads
0.00% overall alignment rate
Warning: Same mate file "/Users/ehresms/computational/rloop/fasta/FastQ_Embryo_10_14H_June_2018/" appears as argument to both -1 and -2
0 reads
0.00% overall alignment rate
Warning: Same mate file "/Users/ehresms/computational/rloop/fasta/FastQ_Embryo_10_14H_June_2018/" appears as argument to both -1 and -2
0 reads
0.00% overall alignment rate
Warning: Same mate file "/Users/ehresms/computational/rloop/fasta/FastQ_Embryo_10_14H_June_2018/" appears as argument to both -1 and -2
0 reads
0.00% overall alignment rate
33675199 reads; of these:
  33675199 (100.00%) were paired; of these:
    9723006 (28.87%) aligned concordantly 0 times
    14221721 (42.23%) aligned concordantly exactly 1 time
    9730472 (28.90%) aligned concordantly >1 times
    ----
    9723006 pairs aligned concordantly 0 times; of these:
      143806 (1.48%) aligned discordantly 1 time
    ----
    9579200 pairs aligned 0 times concordantly or discordantly; of these:
      19158400 mates make up the pairs; of these:
        17528248 (91.49%) aligned 0 times
        527739 (2.75%) aligned exactly 1 time
        1102413 (5.75%) aligned >1 times
73.97% overall alignment rate
33639272 reads; of these:
  33639272 (100.00%) were paired; of these:
    9703171 (28.84%) aligned concordantly 0 times
    14195956 (42.20%) aligned concordantly exactly 1 time
    9740145 (28.95%) aligned concordantly >1 times
    ----
    9703171 pairs aligned concordantly 0 times; of these:
      143723 (1.48%) aligned discordantly 1 time
    ----
    9559448 pairs aligned 0 times concordantly or discordantly; of these:
      19118896 mates make up the pairs; of these:
        17477493 (91.41%) aligned 0 times
        531530 (2.78%) aligned exactly 1 time
        1109873 (5.81%) aligned >1 times
74.02% overall alignment rate
28315593 reads; of these:
  28315593 (100.00%) were paired; of these:
    2032478 (7.18%) aligned concordantly 0 times
    19413241 (68.56%) aligned concordantly exactly 1 time
    6869874 (24.26%) aligned concordantly >1 times
    ----
    2032478 pairs aligned concordantly 0 times; of these:
      199462 (9.81%) aligned discordantly 1 time
    ----
    1833016 pairs aligned 0 times concordantly or discordantly; of these:
      3666032 mates make up the pairs; of these:
        2791066 (76.13%) aligned 0 times
        549226 (14.98%) aligned exactly 1 time
        325740 (8.89%) aligned >1 times
95.07% overall alignment rate
28305036 reads; of these:
  28305036 (100.00%) were paired; of these:
    2039768 (7.21%) aligned concordantly 0 times
    19395233 (68.52%) aligned concordantly exactly 1 time
    6870035 (24.27%) aligned concordantly >1 times
    ----
    2039768 pairs aligned concordantly 0 times; of these:
      198906 (9.75%) aligned discordantly 1 time
    ----
    1840862 pairs aligned 0 times concordantly or discordantly; of these:
      3681724 mates make up the pairs; of these:
        2801647 (76.10%) aligned 0 times
        554380 (15.06%) aligned exactly 1 time
        325697 (8.85%) aligned >1 times
95.05% overall alignment rate
35585544 reads; of these:
  35585544 (100.00%) were paired; of these:
    4183697 (11.76%) aligned concordantly 0 times
    13161922 (36.99%) aligned concordantly exactly 1 time
    18239925 (51.26%) aligned concordantly >1 times
    ----
    4183697 pairs aligned concordantly 0 times; of these:
      460371 (11.00%) aligned discordantly 1 time
    ----
    3723326 pairs aligned 0 times concordantly or discordantly; of these:
      7446652 mates make up the pairs; of these:
        4946444 (66.43%) aligned 0 times
        530208 (7.12%) aligned exactly 1 time
        1970000 (26.45%) aligned >1 times
93.05% overall alignment rate
35719057 reads; of these:
  35719057 (100.00%) were paired; of these:
    4217330 (11.81%) aligned concordantly 0 times
    13163420 (36.85%) aligned concordantly exactly 1 time
    18338307 (51.34%) aligned concordantly >1 times
    ----
    4217330 pairs aligned concordantly 0 times; of these:
      459283 (10.89%) aligned discordantly 1 time
    ----
    3758047 pairs aligned 0 times concordantly or discordantly; of these:
      7516094 mates make up the pairs; of these:
        4987889 (66.36%) aligned 0 times
        535717 (7.13%) aligned exactly 1 time
        1992488 (26.51%) aligned >1 times
93.02% overall alignment rate
29572058 reads; of these:
  29572058 (100.00%) were paired; of these:
    2310056 (7.81%) aligned concordantly 0 times
    20056340 (67.82%) aligned concordantly exactly 1 time
    7205662 (24.37%) aligned concordantly >1 times
    ----
    2310056 pairs aligned concordantly 0 times; of these:
      727746 (31.50%) aligned discordantly 1 time
    ----
    1582310 pairs aligned 0 times concordantly or discordantly; of these:
      3164620 mates make up the pairs; of these:
        1822256 (57.58%) aligned 0 times
        719516 (22.74%) aligned exactly 1 time
        622848 (19.68%) aligned >1 times
96.92% overall alignment rate
29562214 reads; of these:
  29562214 (100.00%) were paired; of these:
    2327153 (7.87%) aligned concordantly 0 times
    20033119 (67.77%) aligned concordantly exactly 1 time
    7201942 (24.36%) aligned concordantly >1 times
    ----
    2327153 pairs aligned concordantly 0 times; of these:
      725839 (31.19%) aligned discordantly 1 time
    ----
    1601314 pairs aligned 0 times concordantly or discordantly; of these:
      3202628 mates make up the pairs; of these:
        1848973 (57.73%) aligned 0 times
        728086 (22.73%) aligned exactly 1 time
        625569 (19.53%) aligned >1 times
96.87% overall alignment rate
Warning: Same mate file "/Users/ehresms/computational/rloop/fasta/FastQ_Embryo_2-6H_June_2018/" appears as argument to both -1 and -2
0 reads
0.00% overall alignment rate
Warning: Same mate file "/Users/ehresms/computational/rloop/fasta/FastQ_Embryo_2-6H_June_2018/" appears as argument to both -1 and -2
0 reads
0.00% overall alignment rate
Warning: Same mate file "/Users/ehresms/computational/rloop/fasta/FastQ_Embryo_2-6H_June_2018/" appears as argument to both -1 and -2
0 reads
0.00% overall alignment rate
Warning: Same mate file "/Users/ehresms/computational/rloop/fasta/FastQ_Embryo_2-6H_June_2018/" appears as argument to both -1 and -2
0 reads
0.00% overall alignment rate
30619549 reads; of these:
  30619549 (100.00%) were paired; of these:
    21150602 (69.08%) aligned concordantly 0 times
    4762544 (15.55%) aligned concordantly exactly 1 time
    4706403 (15.37%) aligned concordantly >1 times
    ----
    21150602 pairs aligned concordantly 0 times; of these:
      625438 (2.96%) aligned discordantly 1 time
    ----
    20525164 pairs aligned 0 times concordantly or discordantly; of these:
      41050328 mates make up the pairs; of these:
        39408889 (96.00%) aligned 0 times
        539016 (1.31%) aligned exactly 1 time
        1102423 (2.69%) aligned >1 times
35.65% overall alignment rate
37679116 reads; of these:
  37679116 (100.00%) were paired; of these:
    6049708 (16.06%) aligned concordantly 0 times
    10095827 (26.79%) aligned concordantly exactly 1 time
    21533581 (57.15%) aligned concordantly >1 times
    ----
    6049708 pairs aligned concordantly 0 times; of these:
      627543 (10.37%) aligned discordantly 1 time
    ----
    5422165 pairs aligned 0 times concordantly or discordantly; of these:
      10844330 mates make up the pairs; of these:
        6059367 (55.88%) aligned 0 times
        748687 (6.90%) aligned exactly 1 time
        4036276 (37.22%) aligned >1 times
91.96% overall alignment rate
30619549 reads; of these:
  30619549 (100.00%) were paired; of these:
    21150602 (69.08%) aligned concordantly 0 times
    4762544 (15.55%) aligned concordantly exactly 1 time
    4706403 (15.37%) aligned concordantly >1 times
    ----
    21150602 pairs aligned concordantly 0 times; of these:
      625438 (2.96%) aligned discordantly 1 time
    ----
    20525164 pairs aligned 0 times concordantly or discordantly; of these:
      41050328 mates make up the pairs; of these:
        39408889 (96.00%) aligned 0 times
        539016 (1.31%) aligned exactly 1 time
        1102423 (2.69%) aligned >1 times
35.65% overall alignment rate
26981857 reads; of these:
  26981857 (100.00%) were paired; of these:
    18896298 (70.03%) aligned concordantly 0 times
    3986823 (14.78%) aligned concordantly exactly 1 time
    4098736 (15.19%) aligned concordantly >1 times
    ----
    18896298 pairs aligned concordantly 0 times; of these:
      371443 (1.97%) aligned discordantly 1 time
    ----
    18524855 pairs aligned 0 times concordantly or discordantly; of these:
      37049710 mates make up the pairs; of these:
        35852050 (96.77%) aligned 0 times
        365793 (0.99%) aligned exactly 1 time
        831867 (2.25%) aligned >1 times
33.56% overall alignment rate
54164384 reads; of these:
  54164384 (100.00%) were paired; of these:
    7546696 (13.93%) aligned concordantly 0 times
    34032471 (62.83%) aligned concordantly exactly 1 time
    12585217 (23.24%) aligned concordantly >1 times
    ----
    7546696 pairs aligned concordantly 0 times; of these:
      2745644 (36.38%) aligned discordantly 1 time
    ----
    4801052 pairs aligned 0 times concordantly or discordantly; of these:
      9602104 mates make up the pairs; of these:
        5277192 (54.96%) aligned 0 times
        2253540 (23.47%) aligned exactly 1 time
        2071372 (21.57%) aligned >1 times
95.13% overall alignment rate
44800225 reads; of these:
  44800225 (100.00%) were paired; of these:
    5191883 (11.59%) aligned concordantly 0 times
    28897545 (64.50%) aligned concordantly exactly 1 time
    10710797 (23.91%) aligned concordantly >1 times
    ----
    5191883 pairs aligned concordantly 0 times; of these:
      1655663 (31.89%) aligned discordantly 1 time
    ----
    3536220 pairs aligned 0 times concordantly or discordantly; of these:
      7072440 mates make up the pairs; of these:
        4176415 (59.05%) aligned 0 times
        1538372 (21.75%) aligned exactly 1 time
        1357653 (19.20%) aligned >1 times
95.34% overall alignment rate
22263375 reads; of these:
  22263375 (100.00%) were paired; of these:
    12529933 (56.28%) aligned concordantly 0 times
    4757856 (21.37%) aligned concordantly exactly 1 time
    4975586 (22.35%) aligned concordantly >1 times
    ----
    12529933 pairs aligned concordantly 0 times; of these:
      121018 (0.97%) aligned discordantly 1 time
    ----
    12408915 pairs aligned 0 times concordantly or discordantly; of these:
      24817830 mates make up the pairs; of these:
        24272542 (97.80%) aligned 0 times
        206859 (0.83%) aligned exactly 1 time
        338429 (1.36%) aligned >1 times
45.49% overall alignment rate
22231599 reads; of these:
  22231599 (100.00%) were paired; of these:
    12501286 (56.23%) aligned concordantly 0 times
    4755066 (21.39%) aligned concordantly exactly 1 time
    4975247 (22.38%) aligned concordantly >1 times
    ----
    12501286 pairs aligned concordantly 0 times; of these:
      120671 (0.97%) aligned discordantly 1 time
    ----
    12380615 pairs aligned 0 times concordantly or discordantly; of these:
      24761230 mates make up the pairs; of these:
        24214063 (97.79%) aligned 0 times
        207888 (0.84%) aligned exactly 1 time
        339279 (1.37%) aligned >1 times
45.54% overall alignment rate
26891207 reads; of these:
  26891207 (100.00%) were paired; of these:
    1764882 (6.56%) aligned concordantly 0 times
    17786573 (66.14%) aligned concordantly exactly 1 time
    7339752 (27.29%) aligned concordantly >1 times
    ----
    1764882 pairs aligned concordantly 0 times; of these:
      142546 (8.08%) aligned discordantly 1 time
    ----
    1622336 pairs aligned 0 times concordantly or discordantly; of these:
      3244672 mates make up the pairs; of these:
        2335289 (71.97%) aligned 0 times
        555666 (17.13%) aligned exactly 1 time
        353717 (10.90%) aligned >1 times
95.66% overall alignment rate
26906897 reads; of these:
  26906897 (100.00%) were paired; of these:
    1777642 (6.61%) aligned concordantly 0 times
    17784534 (66.10%) aligned concordantly exactly 1 time
    7344721 (27.30%) aligned concordantly >1 times
    ----
    1777642 pairs aligned concordantly 0 times; of these:
      143477 (8.07%) aligned discordantly 1 time
    ----
    1634165 pairs aligned 0 times concordantly or discordantly; of these:
      3268330 mates make up the pairs; of these:
        2350632 (71.92%) aligned 0 times
        560367 (17.15%) aligned exactly 1 time
        357331 (10.93%) aligned >1 times
95.63% overall alignment rate
25193648 reads; of these:
  25193648 (100.00%) were paired; of these:
    2549865 (10.12%) aligned concordantly 0 times
    13492020 (53.55%) aligned concordantly exactly 1 time
    9151763 (36.33%) aligned concordantly >1 times
    ----
    2549865 pairs aligned concordantly 0 times; of these:
      277769 (10.89%) aligned discordantly 1 time
    ----
    2272096 pairs aligned 0 times concordantly or discordantly; of these:
      4544192 mates make up the pairs; of these:
        2962679 (65.20%) aligned 0 times
        537914 (11.84%) aligned exactly 1 time
        1043599 (22.97%) aligned >1 times
94.12% overall alignment rate
25222687 reads; of these:
  25222687 (100.00%) were paired; of these:
    2567957 (10.18%) aligned concordantly 0 times
    13483096 (53.46%) aligned concordantly exactly 1 time
    9171634 (36.36%) aligned concordantly >1 times
    ----
    2567957 pairs aligned concordantly 0 times; of these:
      278260 (10.84%) aligned discordantly 1 time
    ----
    2289697 pairs aligned 0 times concordantly or discordantly; of these:
      4579394 mates make up the pairs; of these:
        2982971 (65.14%) aligned 0 times
        542206 (11.84%) aligned exactly 1 time
        1054217 (23.02%) aligned >1 times
94.09% overall alignment rate
24737285 reads; of these:
  24737285 (100.00%) were paired; of these:
    1978500 (8.00%) aligned concordantly 0 times
    16083402 (65.02%) aligned concordantly exactly 1 time
    6675383 (26.99%) aligned concordantly >1 times
    ----
    1978500 pairs aligned concordantly 0 times; of these:
      475206 (24.02%) aligned discordantly 1 time
    ----
    1503294 pairs aligned 0 times concordantly or discordantly; of these:
      3006588 mates make up the pairs; of these:
        1837833 (61.13%) aligned 0 times
        611357 (20.33%) aligned exactly 1 time
        557398 (18.54%) aligned >1 times
96.29% overall alignment rate
24753812 reads; of these:
  24753812 (100.00%) were paired; of these:
    1991477 (8.05%) aligned concordantly 0 times
    16086885 (64.99%) aligned concordantly exactly 1 time
    6675450 (26.97%) aligned concordantly >1 times
    ----
    1991477 pairs aligned concordantly 0 times; of these:
      475913 (23.90%) aligned discordantly 1 time
    ----
    1515564 pairs aligned 0 times concordantly or discordantly; of these:
      3031128 mates make up the pairs; of these:
        1854225 (61.17%) aligned 0 times
        617842 (20.38%) aligned exactly 1 time
        559061 (18.44%) aligned >1 times
96.25% overall alignment rate
Warning: Same mate file "/Users/ehresms/computational/rloop/fasta/FastQ_S2_cells_June_2018/" appears as argument to both -1 and -2
0 reads
0.00% overall alignment rate
Warning: Same mate file "/Users/ehresms/computational/rloop/fasta/FastQ_S2_cells_June_2018/" appears as argument to both -1 and -2
0 reads
0.00% overall alignment rate
Warning: Same mate file "/Users/ehresms/computational/rloop/fasta/FastQ_S2_cells_June_2018/" appears as argument to both -1 and -2
0 reads
0.00% overall alignment rate
Warning: Same mate file "/Users/ehresms/computational/rloop/fasta/FastQ_S2_cells_June_2018/" appears as argument to both -1 and -2
0 reads
0.00% overall alignment rate
